<?xml version="1.0" encoding="UTF-8"?>
<testsuite name="com.trygrupp.africa.service.ContactsServiceImplTest" tests="5" skipped="0" failures="0" errors="0" timestamp="2023-02-20T03:36:09" hostname="ENTS-Salami.local" time="0.08">
  <properties/>
  <testcase name="testDeleteContact()" classname="com.trygrupp.africa.service.ContactsServiceImplTest" time="0.04"/>
  <testcase name="createContact should throw PhoneNumberValidationException when phone number is invalid()" classname="com.trygrupp.africa.service.ContactsServiceImplTest" time="0.005"/>
  <testcase name="testCreateContact()" classname="com.trygrupp.africa.service.ContactsServiceImplTest" time="0.008"/>
  <testcase name="testGetContacts()" classname="com.trygrupp.africa.service.ContactsServiceImplTest" time="0.004"/>
  <testcase name="testGetAContact()" classname="com.trygrupp.africa.service.ContactsServiceImplTest" time="0.019"/>
  <system-out><![CDATA[2023-02-20 04:36:09.763  INFO 1904 --- [    Test worker] .b.t.c.SpringBootTestContextBootstrapper : Neither @ContextConfiguration nor @ContextHierarchy found for test class [com.trygrupp.africa.service.ContactsServiceImplTest], using SpringBootContextLoader
2023-02-20 04:36:09.763  INFO 1904 --- [    Test worker] o.s.t.c.support.AbstractContextLoader    : Could not detect default resource locations for test class [com.trygrupp.africa.service.ContactsServiceImplTest]: no resource found for suffixes {-context.xml, Context.groovy}.
2023-02-20 04:36:09.763  INFO 1904 --- [    Test worker] t.c.s.AnnotationConfigContextLoaderUtils : Could not detect default configuration classes for test class [com.trygrupp.africa.service.ContactsServiceImplTest]: ContactsServiceImplTest does not declare any static, non-private, non-final, nested classes annotated with @Configuration.
2023-02-20 04:36:09.768  INFO 1904 --- [    Test worker] .b.t.c.SpringBootTestContextBootstrapper : Found @SpringBootConfiguration com.trygrupp.africa.PhoneBookApplication for test class com.trygrupp.africa.service.ContactsServiceImplTest
2023-02-20 04:36:09.770  INFO 1904 --- [    Test worker] .b.t.c.SpringBootTestContextBootstrapper : Loaded default TestExecutionListener class names from location [META-INF/spring.factories]: [org.springframework.boot.test.autoconfigure.restdocs.RestDocsTestExecutionListener, org.springframework.boot.test.autoconfigure.web.client.MockRestServiceServerResetTestExecutionListener, org.springframework.boot.test.autoconfigure.web.servlet.MockMvcPrintOnlyOnFailureTestExecutionListener, org.springframework.boot.test.autoconfigure.web.servlet.WebDriverTestExecutionListener, org.springframework.boot.test.autoconfigure.webservices.client.MockWebServiceServerTestExecutionListener, org.springframework.boot.test.mock.mockito.MockitoTestExecutionListener, org.springframework.boot.test.mock.mockito.ResetMocksTestExecutionListener, org.springframework.test.context.web.ServletTestExecutionListener, org.springframework.test.context.support.DirtiesContextBeforeModesTestExecutionListener, org.springframework.test.context.event.ApplicationEventsTestExecutionListener, org.springframework.test.context.support.DependencyInjectionTestExecutionListener, org.springframework.test.context.support.DirtiesContextTestExecutionListener, org.springframework.test.context.transaction.TransactionalTestExecutionListener, org.springframework.test.context.jdbc.SqlScriptsTestExecutionListener, org.springframework.test.context.event.EventPublishingTestExecutionListener]
2023-02-20 04:36:09.770  INFO 1904 --- [    Test worker] .b.t.c.SpringBootTestContextBootstrapper : Using TestExecutionListeners: [org.springframework.test.context.web.ServletTestExecutionListener@578081e5, org.springframework.test.context.support.DirtiesContextBeforeModesTestExecutionListener@6c1f1c03, org.springframework.test.context.event.ApplicationEventsTestExecutionListener@69e3e1d9, org.springframework.boot.test.mock.mockito.MockitoTestExecutionListener@1ccfa4b8, org.springframework.boot.test.autoconfigure.SpringBootDependencyInjectionTestExecutionListener@4f93816d, org.springframework.test.context.support.DirtiesContextTestExecutionListener@5bf86398, org.springframework.test.context.transaction.TransactionalTestExecutionListener@2de3ac17, org.springframework.test.context.jdbc.SqlScriptsTestExecutionListener@4c683777, org.springframework.test.context.event.EventPublishingTestExecutionListener@1fa35f7e, org.springframework.boot.test.autoconfigure.restdocs.RestDocsTestExecutionListener@7df0bb1, org.springframework.boot.test.autoconfigure.web.client.MockRestServiceServerResetTestExecutionListener@37ec9c49, org.springframework.boot.test.autoconfigure.web.servlet.MockMvcPrintOnlyOnFailureTestExecutionListener@3ab2d64c, org.springframework.boot.test.autoconfigure.web.servlet.WebDriverTestExecutionListener@3f6f26cb, org.springframework.boot.test.autoconfigure.webservices.client.MockWebServiceServerTestExecutionListener@40123014, org.springframework.boot.test.mock.mockito.ResetMocksTestExecutionListener@13cfe28b]
[ContactsResponse(id=1, name=John, phoneNumber=1234567890, address=123 Main St., createdAt=2023-02-20T04:36:09.999963, lastUpdatedAt=2023-02-20T04:36:09.999978)]
]]></system-out>
  <system-err><![CDATA[]]></system-err>
</testsuite>
